make[1]: Entering directory '/home/hill/Desktop/Kernels/Poco_F1/compiled_code_beryllium'
  GEN     ./Makefile
scripts/kconfig/conf  --silentoldconfig Kconfig
  CHK     include/config/kernel.release
  Using /home/hill/Desktop/Kernels/Poco_F1/beryllium as source for kernel
  GEN     ./Makefile
  CHK     include/generated/uapi/linux/version.h
  CHK     include/generated/utsrelease.h
  CHK     include/generated/bounds.h
  CHK     include/generated/timeconst.h
  CHK     include/generated/asm-offsets.h
  CALL    /home/hill/Desktop/Kernels/Poco_F1/beryllium/scripts/checksyscalls.sh
  CHK     scripts/mod/devicetable-offsets.h
  HOSTCC  scripts/asn1_compiler
  CHK     include/generated/compile.h
  AS      arch/arm64/kernel/head.o
  CC      arch/arm64/kvm/../../../arch/arm/kvm/arm.o
  CC      arch/arm64/kvm/../../../arch/arm/kvm/mmu.o
  AS      arch/arm64/kvm/hyp-init.o
  CC      arch/arm64/kvm/handle_exit.o
  CC      arch/arm64/kvm/reset.o
  CC      arch/arm64/kvm/sys_regs.o
  CC      arch/arm64/kvm/../../../virt/kvm/arm/aarch32.o
  CC      arch/arm64/kvm/../../../virt/kvm/arm/vgic/vgic-init.o
  CC      arch/arm64/kvm/../../../virt/kvm/arm/vgic/vgic-v2.o
  CC      arch/arm64/kvm/../../../virt/kvm/arm/vgic/vgic-v3.o
  CC      arch/arm64/kvm/../../../virt/kvm/arm/vgic/vgic-kvm-device.o
  CC      arch/arm64/kvm/../../../virt/kvm/arm/vgic/vgic-its.o
  LD      arch/arm64/kvm/kvm.o
  CC      arch/arm64/kvm/hyp/../../../../virt/kvm/arm/hyp/vgic-v2-sr.o
  CC      arch/arm64/kvm/hyp/../../../../virt/kvm/arm/hyp/vgic-v3-sr.o
  CC      arch/arm64/kvm/hyp/../../../../virt/kvm/arm/hyp/timer-sr.o
  CC      arch/arm64/kvm/hyp/sysreg-sr.o
  CC      arch/arm64/kvm/hyp/debug-sr.o
  AS      arch/arm64/kvm/hyp/entry.o
  CC      arch/arm64/kvm/hyp/switch.o
  CC      arch/arm64/kvm/hyp/tlb.o
  AS      arch/arm64/kvm/hyp/hyp-entry.o
  CC      arch/arm64/kvm/hyp/s2-setup.o
  LD      arch/arm64/kvm/hyp/built-in.o
  LD      arch/arm64/kvm/built-in.o
  CHK     kernel/config_data.h
  CHK     kernel/kheaders_data.tar.xz
  GEN     kernel/kheaders_data.tar.xz
  CC      kernel/kheaders.o
  LD      kernel/built-in.o
  ASN.1   crypto/rsapubkey-asn1.c
  CC      crypto/rsapubkey-asn1.o
  ASN.1   crypto/rsaprivkey-asn1.c
  CC      crypto/rsaprivkey-asn1.o
  CC      crypto/rsa.o
  CC      crypto/rsa_helper.o
  CC      crypto/rsa-pkcs1pad.o
  LD      crypto/rsa_generic.o
  CC      crypto/sha3_generic.o
  CC      crypto/fcrypt.o
  CC      crypto/tea.o
  CC      crypto/842.o
  LD      crypto/built-in.o
  CC      drivers/block/nbd.o
  CC      drivers/block/zram/zcomp.o
  LD      drivers/block/zram/zram.o
  LD      drivers/block/zram/built-in.o
  LD      drivers/block/built-in.o
  CC      drivers/watchdog/watchdog_core.o
  CC      drivers/watchdog/watchdog_dev.o
  LD      drivers/watchdog/watchdog.o
  CC      drivers/watchdog/qcom-vm-wdt.o
  LD      drivers/watchdog/built-in.o
  LD      drivers/built-in.o
  CC      lib/842/842_compress.o
  CC      lib/842/842_decompress.o
  LD      lib/842/built-in.o
  CC      lib/mpi/generic_mpih-lshift.o
  CC      lib/mpi/generic_mpih-mul1.o
  CC      lib/mpi/generic_mpih-mul2.o
  CC      lib/mpi/generic_mpih-mul3.o
  CC      lib/mpi/generic_mpih-rshift.o
  CC      lib/mpi/generic_mpih-sub1.o
  CC      lib/mpi/generic_mpih-add1.o
  CC      lib/mpi/mpicoder.o
  CC      lib/mpi/mpi-bit.o
  CC      lib/mpi/mpi-cmp.o
  CC      lib/mpi/mpih-cmp.o
  CC      lib/mpi/mpih-div.o
  CC      lib/mpi/mpih-mul.o
  CC      lib/mpi/mpi-pow.o
  CC      lib/mpi/mpiutil.o
  LD      lib/mpi/mpi.o
  LD      lib/mpi/built-in.o
  CC      lib/asn1_decoder.o
  CC      lib/clz_tab.o
  AR      lib/lib.a
  EXPORTS lib/lib-ksyms.o
  LD      lib/built-in.o
  GEN     .version
  LD      vmlinux.o
  MODPOST vmlinux.o
  CHK     include/generated/compile.h
  UPD     include/generated/compile.h
  CC      init/version.o
  LD      init/built-in.o
  LD      vmlinux
  SORTEX  vmlinux
  SYSMAP  System.map
  DTC     arch/arm64/boot/dts/qcom/sdm845-vm.dtb
  OBJCOPY arch/arm64/boot/Image
  GZIP    arch/arm64/boot/Image.gz
  DTC     arch/arm64/boot/dts/qcom/beryllium-mp-v2.1.dtb
  DTC     arch/arm64/boot/dts/qcom/sdm845-vm.dtb
  CAT     arch/arm64/boot/Image.gz-dtb
  Building modules, stage 2.
  MODPOST 15 modules
make[1]: Leaving directory '/home/hill/Desktop/Kernels/Poco_F1/compiled_code_beryllium'
